2025-11-05 14:48:29,863 [INFO] in logger: ğŸš€ Logging initialized successfully.
2025-11-05 14:56:12,939 [WARNING] in app: AppError 401 at /api/v1/auth/login: Invalid password.
2025-11-05 15:33:39,435 [INFO] in logger: ğŸ—œï¸ Compressed log: logs\access.log.2025-11-03
2025-11-05 15:33:39,438 [INFO] in logger: ğŸ—œï¸ Compressed log: logs\app.log.2025-11-03
2025-11-05 15:33:39,440 [INFO] in logger: ğŸš€ Logging initialized successfully.
2025-11-05 15:34:55,015 [WARNING] in errorController: 404 Not Found: 404 Not Found: The requested URL was not found on the server. If you entered the URL manually please check your spelling and try again. | URL: http://127.0.0.1:4000/admin_log | Method: GET | IP: 127.0.0.1
2025-11-05 15:35:24,541 [WARNING] in errorController: 404 Not Found: 404 Not Found: The requested URL was not found on the server. If you entered the URL manually please check your spelling and try again. | URL: http://127.0.0.1:4000/admin_logs | Method: GET | IP: 127.0.0.1
2025-11-05 15:39:07,955 [INFO] in logger: ğŸš€ Logging initialized successfully.
2025-11-05 15:40:51,856 [INFO] in logger: ğŸš€ Logging initialized successfully.
2025-11-05 15:45:05,158 [INFO] in logger: ğŸš€ Logging initialized successfully.
2025-11-05 16:04:03,071 [INFO] in logger: ğŸš€ Logging initialized successfully.
2025-11-05 16:14:43,847 [INFO] in logger: ğŸš€ Logging initialized successfully.
2025-11-05 16:56:53,435 [INFO] in logger: ğŸš€ Logging initialized successfully.
2025-11-05 17:15:11,737 [INFO] in logger: ğŸš€ Logging initialized successfully.
2025-11-05 17:18:36,466 [INFO] in logger: ğŸš€ Logging initialized successfully.
2025-11-05 17:23:01,501 [INFO] in logger: ğŸš€ Logging initialized successfully.
2025-11-05 17:25:48,204 [INFO] in logger: ğŸš€ Logging initialized successfully.
2025-11-05 17:27:14,236 [INFO] in logger: ğŸš€ Logging initialized successfully.
2025-11-05 17:29:33,566 [INFO] in logger: ğŸš€ Logging initialized successfully.
2025-11-05 17:33:13,682 [INFO] in logger: ğŸš€ Logging initialized successfully.
2025-11-05 17:36:57,334 [ERROR] in app: Unexpected error: 405 Method Not Allowed: The method is not allowed for the requested URL. | Path: /api/v1/sales
Traceback (most recent call last):
  File "C:\Users\oneto\Downloads\Blog\.venv\Lib\site-packages\flask\app.py", line 917, in full_dispatch_request
    rv = self.dispatch_request()
  File "C:\Users\oneto\Downloads\Blog\.venv\Lib\site-packages\flask\app.py", line 891, in dispatch_request
    self.raise_routing_exception(req)
    ~~~~~~~~~~~~~~~~~~~~~~~~~~~~^^^^^
  File "C:\Users\oneto\Downloads\Blog\.venv\Lib\site-packages\flask\app.py", line 500, in raise_routing_exception
    raise request.routing_exception  # type: ignore[misc]
    ^^^^^^^^^^^^^^^^^^^^^^^^^^^^^^^
  File "C:\Users\oneto\Downloads\Blog\.venv\Lib\site-packages\flask\ctx.py", line 362, in match_request
    result = self.url_adapter.match(return_rule=True)  # type: ignore
  File "C:\Users\oneto\Downloads\Blog\.venv\Lib\site-packages\werkzeug\routing\map.py", line 624, in match
    raise MethodNotAllowed(valid_methods=list(e.have_match_for)) from None
werkzeug.exceptions.MethodNotAllowed: 405 Method Not Allowed: The method is not allowed for the requested URL.
2025-11-05 18:02:08,998 [INFO] in logger: ğŸ—œï¸ Compressed log: logs\error.log.2025-11-03
2025-11-05 18:02:09,001 [INFO] in logger: ğŸš€ Logging initialized successfully.
2025-11-05 18:03:01,146 [ERROR] in app: Unexpected error: 'NoneType' object is not callable | Path: /api/paypal/create-order
Traceback (most recent call last):
  File "C:\Users\oneto\Downloads\Blog\.venv\Lib\site-packages\flask\app.py", line 917, in full_dispatch_request
    rv = self.dispatch_request()
  File "C:\Users\oneto\Downloads\Blog\.venv\Lib\site-packages\flask\app.py", line 902, in dispatch_request
    return self.ensure_sync(self.view_functions[rule.endpoint])(**view_args)  # type: ignore[no-any-return]
           ~~~~~~~~~~~~~~~~~~~~~~~~~~~~~~~~~~~~~~~~~~~~~~~~~~~~^^^^^^^^^^^^^
  File "C:\Users\oneto\Lost&Found\Controllers\salesController.py", line 129, in paypal_create_order
    client = _paypal_client()
  File "C:\Users\oneto\Lost&Found\Controllers\salesController.py", line 118, in _paypal_client
    environment = SandboxEnvironment(client_id=client_id, client_secret=client_secret)
TypeError: 'NoneType' object is not callable
2025-11-05 18:03:34,379 [ERROR] in app: Unexpected error: 'NoneType' object is not callable | Path: /api/paypal/create-order
Traceback (most recent call last):
  File "C:\Users\oneto\Downloads\Blog\.venv\Lib\site-packages\flask\app.py", line 917, in full_dispatch_request
    rv = self.dispatch_request()
  File "C:\Users\oneto\Downloads\Blog\.venv\Lib\site-packages\flask\app.py", line 902, in dispatch_request
    return self.ensure_sync(self.view_functions[rule.endpoint])(**view_args)  # type: ignore[no-any-return]
           ~~~~~~~~~~~~~~~~~~~~~~~~~~~~~~~~~~~~~~~~~~~~~~~~~~~~^^^^^^^^^^^^^
  File "C:\Users\oneto\Lost&Found\Controllers\salesController.py", line 129, in paypal_create_order
    client = _paypal_client()
  File "C:\Users\oneto\Lost&Found\Controllers\salesController.py", line 118, in _paypal_client
    environment = SandboxEnvironment(client_id=client_id, client_secret=client_secret)
TypeError: 'NoneType' object is not callable
